Analysis & Elaboration report for DE0_CV
Sun Dec 14 22:50:35 2025
Quartus Prime Version 19.1.0 Build 670 09/22/2019 SJ Lite Edition


---------------------
; Table of Contents ;
---------------------
  1. Legal Notice
  2. Analysis & Elaboration Summary
  3. Parallel Compilation
  4. Analysis & Elaboration Settings
  5. Analysis & Elaboration Messages



----------------
; Legal Notice ;
----------------
Copyright (C) 2019  Intel Corporation. All rights reserved.
Your use of Intel Corporation's design tools, logic functions 
and other software and tools, and any partner logic 
functions, and any output files from any of the foregoing 
(including device programming or simulation files), and any 
associated documentation or information are expressly subject 
to the terms and conditions of the Intel Program License 
Subscription Agreement, the Intel Quartus Prime License Agreement,
the Intel FPGA IP License Agreement, or other applicable license
agreement, including, without limitation, that your use is for
the sole purpose of programming logic devices manufactured by
Intel and sold by Intel or its authorized distributors.  Please
refer to the applicable agreement for further details, at
https://fpgasoftware.intel.com/eula.



+-----------------------------------------------------------------------------+
; Analysis & Elaboration Summary                                              ;
+-------------------------------+---------------------------------------------+
; Analysis & Elaboration Status ; Successful - Sun Dec 14 22:50:35 2025       ;
; Quartus Prime Version         ; 19.1.0 Build 670 09/22/2019 SJ Lite Edition ;
; Revision Name                 ; DE0_CV                                      ;
; Top-level Entity Name         ; mycpu                                       ;
; Family                        ; Cyclone V                                   ;
; Logic utilization (in ALMs)   ; N/A until Partition Merge                   ;
; Total registers               ; N/A until Partition Merge                   ;
; Total pins                    ; N/A until Partition Merge                   ;
; Total virtual pins            ; N/A until Partition Merge                   ;
; Total block memory bits       ; N/A until Partition Merge                   ;
; Total PLLs                    ; N/A until Partition Merge                   ;
; Total DLLs                    ; N/A until Partition Merge                   ;
+-------------------------------+---------------------------------------------+


+------------------------------------------+
; Parallel Compilation                     ;
+----------------------------+-------------+
; Processors                 ; Number      ;
+----------------------------+-------------+
; Number detected on machine ; 28          ;
; Maximum allowed            ; 16          ;
;                            ;             ;
; Average used               ; 1.00        ;
; Maximum used               ; 1           ;
;                            ;             ;
; Usage by Processor         ; % Time Used ;
;     Processor 1            ; 100.0%      ;
+----------------------------+-------------+


+---------------------------------------------------------------------------------------------------------------------------+
; Analysis & Elaboration Settings                                                                                           ;
+---------------------------------------------------------------------------------+--------------------+--------------------+
; Option                                                                          ; Setting            ; Default Value      ;
+---------------------------------------------------------------------------------+--------------------+--------------------+
; Device                                                                          ; 5CEBA4F23C7        ;                    ;
; Top-level entity name                                                           ; mycpu              ; DE0_CV             ;
; Family name                                                                     ; Cyclone V          ; Cyclone V          ;
; Use smart compilation                                                           ; Off                ; Off                ;
; Enable parallel Assembler and Timing Analyzer during compilation                ; On                 ; On                 ;
; Enable compact report table                                                     ; Off                ; Off                ;
; Restructure Multiplexers                                                        ; Auto               ; Auto               ;
; MLAB Add Timing Constraints For Mixed-Port Feed-Through Mode Setting Don't Care ; Off                ; Off                ;
; Create Debugging Nodes for IP Cores                                             ; Off                ; Off                ;
; Preserve fewer node names                                                       ; On                 ; On                 ;
; Intel FPGA IP Evaluation Mode                                                   ; Enable             ; Enable             ;
; Verilog Version                                                                 ; Verilog_2001       ; Verilog_2001       ;
; VHDL Version                                                                    ; VHDL_1993          ; VHDL_1993          ;
; State Machine Processing                                                        ; Auto               ; Auto               ;
; Safe State Machine                                                              ; Off                ; Off                ;
; Extract Verilog State Machines                                                  ; On                 ; On                 ;
; Extract VHDL State Machines                                                     ; On                 ; On                 ;
; Ignore Verilog initial constructs                                               ; Off                ; Off                ;
; Iteration limit for constant Verilog loops                                      ; 5000               ; 5000               ;
; Iteration limit for non-constant Verilog loops                                  ; 250                ; 250                ;
; Add Pass-Through Logic to Inferred RAMs                                         ; On                 ; On                 ;
; Infer RAMs from Raw Logic                                                       ; On                 ; On                 ;
; Parallel Synthesis                                                              ; On                 ; On                 ;
; DSP Block Balancing                                                             ; Auto               ; Auto               ;
; NOT Gate Push-Back                                                              ; On                 ; On                 ;
; Power-Up Don't Care                                                             ; On                 ; On                 ;
; Remove Redundant Logic Cells                                                    ; Off                ; Off                ;
; Remove Duplicate Registers                                                      ; On                 ; On                 ;
; Ignore CARRY Buffers                                                            ; Off                ; Off                ;
; Ignore CASCADE Buffers                                                          ; Off                ; Off                ;
; Ignore GLOBAL Buffers                                                           ; Off                ; Off                ;
; Ignore ROW GLOBAL Buffers                                                       ; Off                ; Off                ;
; Ignore LCELL Buffers                                                            ; Off                ; Off                ;
; Ignore SOFT Buffers                                                             ; On                 ; On                 ;
; Limit AHDL Integers to 32 Bits                                                  ; Off                ; Off                ;
; Optimization Technique                                                          ; Balanced           ; Balanced           ;
; Carry Chain Length                                                              ; 70                 ; 70                 ;
; Auto Carry Chains                                                               ; On                 ; On                 ;
; Auto Open-Drain Pins                                                            ; On                 ; On                 ;
; Perform WYSIWYG Primitive Resynthesis                                           ; Off                ; Off                ;
; Auto ROM Replacement                                                            ; On                 ; On                 ;
; Auto RAM Replacement                                                            ; On                 ; On                 ;
; Auto DSP Block Replacement                                                      ; On                 ; On                 ;
; Auto Shift Register Replacement                                                 ; Auto               ; Auto               ;
; Allow Shift Register Merging across Hierarchies                                 ; Auto               ; Auto               ;
; Auto Clock Enable Replacement                                                   ; On                 ; On                 ;
; Strict RAM Replacement                                                          ; Off                ; Off                ;
; Allow Synchronous Control Signals                                               ; On                 ; On                 ;
; Force Use of Synchronous Clear Signals                                          ; Off                ; Off                ;
; Auto Resource Sharing                                                           ; Off                ; Off                ;
; Allow Any RAM Size For Recognition                                              ; Off                ; Off                ;
; Allow Any ROM Size For Recognition                                              ; Off                ; Off                ;
; Allow Any Shift Register Size For Recognition                                   ; Off                ; Off                ;
; Use LogicLock Constraints during Resource Balancing                             ; On                 ; On                 ;
; Ignore translate_off and synthesis_off directives                               ; Off                ; Off                ;
; Timing-Driven Synthesis                                                         ; On                 ; On                 ;
; Report Parameter Settings                                                       ; On                 ; On                 ;
; Report Source Assignments                                                       ; On                 ; On                 ;
; Report Connectivity Checks                                                      ; On                 ; On                 ;
; Ignore Maximum Fan-Out Assignments                                              ; Off                ; Off                ;
; Synchronization Register Chain Length                                           ; 3                  ; 3                  ;
; Power Optimization During Synthesis                                             ; Normal compilation ; Normal compilation ;
; HDL message level                                                               ; Level2             ; Level2             ;
; Suppress Register Optimization Related Messages                                 ; Off                ; Off                ;
; Number of Removed Registers Reported in Synthesis Report                        ; 5000               ; 5000               ;
; Number of Swept Nodes Reported in Synthesis Report                              ; 5000               ; 5000               ;
; Number of Inverted Registers Reported in Synthesis Report                       ; 100                ; 100                ;
; Clock MUX Protection                                                            ; On                 ; On                 ;
; Auto Gated Clock Conversion                                                     ; Off                ; Off                ;
; Block Design Naming                                                             ; Auto               ; Auto               ;
; SDC constraint protection                                                       ; Off                ; Off                ;
; Synthesis Effort                                                                ; Auto               ; Auto               ;
; Shift Register Replacement - Allow Asynchronous Clear Signal                    ; On                 ; On                 ;
; Pre-Mapping Resynthesis Optimization                                            ; Off                ; Off                ;
; Analysis & Synthesis Message Level                                              ; Medium             ; Medium             ;
; Disable Register Merging Across Hierarchies                                     ; Auto               ; Auto               ;
; Resource Aware Inference For Block RAM                                          ; On                 ; On                 ;
; Automatic Parallel Synthesis                                                    ; On                 ; On                 ;
; Partial Reconfiguration Bitstream ID                                            ; Off                ; Off                ;
+---------------------------------------------------------------------------------+--------------------+--------------------+


+---------------------------------+
; Analysis & Elaboration Messages ;
+---------------------------------+
Info: *******************************************************************
Info: Running Quartus Prime Analysis & Elaboration
    Info: Version 19.1.0 Build 670 09/22/2019 SJ Lite Edition
    Info: Processing started: Sun Dec 14 22:50:31 2025
Info: Command: quartus_map --read_settings_files=on --write_settings_files=off DE0_CV -c DE0_CV --analysis_and_elaboration
Warning (18236): Number of processors has not been specified which may cause overloading on shared machines.  Set the global assignment NUM_PARALLEL_PROCESSORS in your QSF to an appropriate value for best performance.
Info (20030): Parallel compilation is enabled and will use 16 of the 20 processors detected
Info (12021): Found 1 design units, including 1 entities, in source file design/mul.sv
    Info (12023): Found entity 1: MUL File: C:/Users/Magician/Desktop/RISC-V/DE0_CV/design/MUL.sv Line: 2
Info (12021): Found 1 design units, including 1 entities, in source file design/div.sv
    Info (12023): Found entity 1: DIV File: C:/Users/Magician/Desktop/RISC-V/DE0_CV/design/DIV.sv Line: 2
Info (12021): Found 1 design units, including 1 entities, in source file design/ram.sv
    Info (12023): Found entity 1: RAM File: C:/Users/Magician/Desktop/RISC-V/DE0_CV/design/RAM.sv Line: 2
Info (12021): Found 1 design units, including 1 entities, in source file design/mylsu.sv
    Info (12023): Found entity 1: mylsu File: C:/Users/Magician/Desktop/RISC-V/DE0_CV/design/mylsu.sv Line: 3
Info (12021): Found 1 design units, including 1 entities, in source file design/seven_segment_display.sv
    Info (12023): Found entity 1: seven_segment_display File: C:/Users/Magician/Desktop/RISC-V/DE0_CV/design/seven_segment_display.sv Line: 2
Info (12021): Found 1 design units, including 1 entities, in source file design/reg_file.sv
    Info (12023): Found entity 1: Reg_file File: C:/Users/Magician/Desktop/RISC-V/DE0_CV/design/Reg_file.sv Line: 2
Info (12021): Found 1 design units, including 1 entities, in source file design/program_rom.sv
    Info (12023): Found entity 1: Program_Rom File: C:/Users/Magician/Desktop/RISC-V/DE0_CV/design/Program_Rom.sv Line: 1
Info (12021): Found 0 design units, including 0 entities, in source file design/mydefine.sv
Info (12021): Found 1 design units, including 1 entities, in source file design/mycpu.sv
    Info (12023): Found entity 1: mycpu File: C:/Users/Magician/Desktop/RISC-V/DE0_CV/design/mycpu.sv Line: 2
Info (12021): Found 1 design units, including 1 entities, in source file design/myalu.sv
    Info (12023): Found entity 1: myalu File: C:/Users/Magician/Desktop/RISC-V/DE0_CV/design/myalu.sv Line: 2
Info (12021): Found 1 design units, including 1 entities, in source file design/inst_dec.sv
    Info (12023): Found entity 1: INST_DEC File: C:/Users/Magician/Desktop/RISC-V/DE0_CV/design/INST_DEC.sv Line: 2
Info (12021): Found 1 design units, including 1 entities, in source file design/de0_cv.sv
    Info (12023): Found entity 1: DE0_CV File: C:/Users/Magician/Desktop/RISC-V/DE0_CV/design/DE0_CV.sv Line: 6
Info (12021): Found 1 design units, including 1 entities, in source file design/controller.sv
    Info (12023): Found entity 1: controller File: C:/Users/Magician/Desktop/RISC-V/DE0_CV/design/controller.sv Line: 3
Info (12021): Found 1 design units, including 1 entities, in source file design/clock_divider.sv
    Info (12023): Found entity 1: clock_divider File: C:/Users/Magician/Desktop/RISC-V/DE0_CV/design/clock_divider.sv Line: 2
Warning (10236): Verilog HDL Implicit Net warning at mycpu.sv(40): created implicit net for "rst_or_flush_IFID_r" File: C:/Users/Magician/Desktop/RISC-V/DE0_CV/design/mycpu.sv Line: 40
Warning (10236): Verilog HDL Implicit Net warning at mycpu.sv(122): created implicit net for "rst_or_flush_IDEX_r" File: C:/Users/Magician/Desktop/RISC-V/DE0_CV/design/mycpu.sv Line: 122
Info (12127): Elaborating entity "mycpu" for the top level hierarchy
Warning (10230): Verilog HDL assignment warning at mycpu.sv(122): truncated value with size 32 to match size of target (1) File: C:/Users/Magician/Desktop/RISC-V/DE0_CV/design/mycpu.sv Line: 122
Warning (10958): SystemVerilog warning at mycpu.sv(172): unique or priority keyword makes case statement complete File: C:/Users/Magician/Desktop/RISC-V/DE0_CV/design/mycpu.sv Line: 172
Info (12128): Elaborating entity "Program_Rom" for hierarchy "Program_Rom:myprogram_rom" File: C:/Users/Magician/Desktop/RISC-V/DE0_CV/design/mycpu.sv Line: 35
Warning (10762): Verilog HDL Case Statement warning at Program_Rom.sv(7): can't check case statement for completeness because the case expression has too many possible states File: C:/Users/Magician/Desktop/RISC-V/DE0_CV/design/Program_Rom.sv Line: 7
Info (12128): Elaborating entity "INST_DEC" for hierarchy "INST_DEC:myinst_dec" File: C:/Users/Magician/Desktop/RISC-V/DE0_CV/design/mycpu.sv Line: 66
Warning (10958): SystemVerilog warning at INST_DEC.sv(28): unique or priority keyword makes case statement complete File: C:/Users/Magician/Desktop/RISC-V/DE0_CV/design/INST_DEC.sv Line: 28
Info (12128): Elaborating entity "Reg_file" for hierarchy "Reg_file:myreg" File: C:/Users/Magician/Desktop/RISC-V/DE0_CV/design/mycpu.sv Line: 83
Info (12128): Elaborating entity "controller" for hierarchy "controller:mycontroller" File: C:/Users/Magician/Desktop/RISC-V/DE0_CV/design/mycpu.sv Line: 112
Warning (10958): SystemVerilog warning at controller.sv(97): unique or priority keyword makes case statement complete File: C:/Users/Magician/Desktop/RISC-V/DE0_CV/design/controller.sv Line: 97
Warning (10958): SystemVerilog warning at controller.sv(149): unique or priority keyword makes case statement complete File: C:/Users/Magician/Desktop/RISC-V/DE0_CV/design/controller.sv Line: 149
Warning (10958): SystemVerilog warning at controller.sv(204): unique or priority keyword makes case statement complete File: C:/Users/Magician/Desktop/RISC-V/DE0_CV/design/controller.sv Line: 204
Warning (10958): SystemVerilog warning at controller.sv(226): unique or priority keyword makes case statement complete File: C:/Users/Magician/Desktop/RISC-V/DE0_CV/design/controller.sv Line: 226
Warning (10958): SystemVerilog warning at controller.sv(303): unique or priority keyword makes case statement complete File: C:/Users/Magician/Desktop/RISC-V/DE0_CV/design/controller.sv Line: 303
Warning (10958): SystemVerilog warning at controller.sv(332): unique or priority keyword makes case statement complete File: C:/Users/Magician/Desktop/RISC-V/DE0_CV/design/controller.sv Line: 332
Warning (10270): Verilog HDL Case Statement warning at controller.sv(65): incomplete case statement has no default case item File: C:/Users/Magician/Desktop/RISC-V/DE0_CV/design/controller.sv Line: 65
Info (12128): Elaborating entity "myalu" for hierarchy "myalu:alu_1" File: C:/Users/Magician/Desktop/RISC-V/DE0_CV/design/mycpu.sv Line: 185
Info (12128): Elaborating entity "MUL" for hierarchy "MUL:myMul" File: C:/Users/Magician/Desktop/RISC-V/DE0_CV/design/mycpu.sv Line: 193
Warning (10958): SystemVerilog warning at MUL.sv(12): unique or priority keyword makes case statement complete File: C:/Users/Magician/Desktop/RISC-V/DE0_CV/design/MUL.sv Line: 12
Info (12128): Elaborating entity "DIV" for hierarchy "DIV:myDiv" File: C:/Users/Magician/Desktop/RISC-V/DE0_CV/design/mycpu.sv Line: 201
Warning (10958): SystemVerilog warning at DIV.sv(11): unique or priority keyword makes case statement complete File: C:/Users/Magician/Desktop/RISC-V/DE0_CV/design/DIV.sv Line: 11
Info (12128): Elaborating entity "mylsu" for hierarchy "mylsu:lsu1" File: C:/Users/Magician/Desktop/RISC-V/DE0_CV/design/mycpu.sv Line: 212
Warning (10230): Verilog HDL assignment warning at mylsu.sv(40): truncated value with size 32 to match size of target (30) File: C:/Users/Magician/Desktop/RISC-V/DE0_CV/design/mylsu.sv Line: 40
Warning (10958): SystemVerilog warning at mylsu.sv(100): unique or priority keyword makes case statement complete File: C:/Users/Magician/Desktop/RISC-V/DE0_CV/design/mylsu.sv Line: 100
Warning (10958): SystemVerilog warning at mylsu.sv(176): unique or priority keyword makes case statement complete File: C:/Users/Magician/Desktop/RISC-V/DE0_CV/design/mylsu.sv Line: 176
Info (12128): Elaborating entity "RAM" for hierarchy "mylsu:lsu1|RAM:ram_0" File: C:/Users/Magician/Desktop/RISC-V/DE0_CV/design/mylsu.sv Line: 145
Info: Quartus Prime Analysis & Elaboration was successful. 0 errors, 19 warnings
    Info: Peak virtual memory: 4805 megabytes
    Info: Processing ended: Sun Dec 14 22:50:35 2025
    Info: Elapsed time: 00:00:04
    Info: Total CPU time (on all processors): 00:00:09


